ERROR:root:400 Table "MDV_SAMPLE_RSLT" must be qualified with a dataset (e.g. dataset.table).

Location: US
Job ID: 48c3d408-c654-4d84-99c1-84fbeb58a0b4
Traceback (most recent call last):
  File "C:\KUGCP2CSV\KUGCP2CSV\BQOutPutCSV.py", line 117, in <module>
    main(query_file_path,output_file_path,periods)
  File "C:\KUGCP2CSV\KUGCP2CSV\BQOutPutCSV.py", line 92, in main
    get_query(query,periods,output_file_path)
  File "C:\KUGCP2CSV\KUGCP2CSV\BQOutPutCSV.py", line 45, in get_query
    df = client.query(sql, job_config=job_config).to_dataframe()
  File "C:\Program Files\Python310\lib\site-packages\google\cloud\bigquery\job\query.py", line 1859, in to_dataframe
    query_result = wait_for_query(self, progress_bar_type, max_results=max_results)
  File "C:\Program Files\Python310\lib\site-packages\google\cloud\bigquery\_tqdm_helpers.py", line 104, in wait_for_query
    return query_job.result(max_results=max_results)
  File "C:\Program Files\Python310\lib\site-packages\google\cloud\bigquery\job\query.py", line 1580, in result
    do_get_result()
  File "C:\Program Files\Python310\lib\site-packages\google\api_core\retry.py", line 372, in retry_wrapped_func
    return retry_target(
  File "C:\Program Files\Python310\lib\site-packages\google\api_core\retry.py", line 207, in retry_target
    result = target()
  File "C:\Program Files\Python310\lib\site-packages\google\cloud\bigquery\job\query.py", line 1570, in do_get_result
    super(QueryJob, self).result(retry=retry, timeout=timeout)
  File "C:\Program Files\Python310\lib\site-packages\google\cloud\bigquery\job\base.py", line 922, in result
    return super(_AsyncJob, self).result(timeout=timeout, **kwargs)
  File "C:\Program Files\Python310\lib\site-packages\google\api_core\future\polling.py", line 261, in result
    raise self._exception
google.api_core.exceptions.BadRequest: 400 Table "MDV_SAMPLE_RSLT" must be qualified with a dataset (e.g. dataset.table).

Location: US
Job ID: 48c3d408-c654-4d84-99c1-84fbeb58a0b4

ERROR:root:400 Invalid project ID 'kuhp-20210916-ibm-dwh.MDV_MAIN'. Project IDs must contain 6-63 lowercase letters, digits, or dashes. Some project IDs also include domain name separated by a colon. IDs must start with a letter and may not end with a dash.

Location: asia-northeast1
Job ID: 8501d3b8-0033-4209-be1a-c6262e9d763d
Traceback (most recent call last):
  File "C:\KUGCP2CSV\KUGCP2CSV\BQOutPutCSV.py", line 117, in <module>
    main(query_file_path,output_file_path,periods)
  File "C:\KUGCP2CSV\KUGCP2CSV\BQOutPutCSV.py", line 92, in main
    get_query(query,periods,output_file_path)
  File "C:\KUGCP2CSV\KUGCP2CSV\BQOutPutCSV.py", line 45, in get_query
    df = client.query(sql, job_config=job_config).to_dataframe()
  File "C:\Program Files\Python310\lib\site-packages\google\cloud\bigquery\job\query.py", line 1859, in to_dataframe
    query_result = wait_for_query(self, progress_bar_type, max_results=max_results)
  File "C:\Program Files\Python310\lib\site-packages\google\cloud\bigquery\_tqdm_helpers.py", line 104, in wait_for_query
    return query_job.result(max_results=max_results)
  File "C:\Program Files\Python310\lib\site-packages\google\cloud\bigquery\job\query.py", line 1580, in result
    do_get_result()
  File "C:\Program Files\Python310\lib\site-packages\google\api_core\retry.py", line 372, in retry_wrapped_func
    return retry_target(
  File "C:\Program Files\Python310\lib\site-packages\google\api_core\retry.py", line 207, in retry_target
    result = target()
  File "C:\Program Files\Python310\lib\site-packages\google\cloud\bigquery\job\query.py", line 1570, in do_get_result
    super(QueryJob, self).result(retry=retry, timeout=timeout)
  File "C:\Program Files\Python310\lib\site-packages\google\cloud\bigquery\job\base.py", line 922, in result
    return super(_AsyncJob, self).result(timeout=timeout, **kwargs)
  File "C:\Program Files\Python310\lib\site-packages\google\api_core\future\polling.py", line 261, in result
    raise self._exception
google.api_core.exceptions.BadRequest: 400 Invalid project ID 'kuhp-20210916-ibm-dwh.MDV_MAIN'. Project IDs must contain 6-63 lowercase letters, digits, or dashes. Some project IDs also include domain name separated by a colon. IDs must start with a letter and may not end with a dash.

Location: asia-northeast1
Job ID: 8501d3b8-0033-4209-be1a-c6262e9d763d

